# JRE version: OpenJDK Runtime Environment (11.0.11+9) (build 11.0.11+9-b60-7590822)
# Java VM: OpenJDK 64-Bit Server VM (11.0.11+9-b60-7590822, mixed mode, tiered, compressed oops, g1 gc, windows-amd64)
Heap:
 garbage-first heap   total 280576K, used 163315K [0x0000000080000000, 0x0000000100000000)
  region size 1024K, 17 young (17408K), 4 survivors (4096K)
 Metaspace       used 132346K, capacity 136914K, committed 137128K, reserved 1169408K
  class space    used 16531K, capacity 18155K, committed 18176K, reserved 1048576K
GC Heap History (20 events):
Event: 4030.820 GC heap before
{Heap before GC invocations=59 (full 0):
 garbage-first heap   total 260096K, used 215627K [0x0000000080000000, 0x0000000100000000)
  region size 1024K, 71 young (72704K), 1 survivors (1024K)
 Metaspace       used 130981K, capacity 135186K, committed 135464K, reserved 1167360K
  class space    used 16392K, capacity 17927K, committed 18048K, reserved 1048576K
}
Event: 4030.830 GC heap after
{Heap after GC invocations=60 (full 0):
 garbage-first heap   total 260096K, used 148929K [0x0000000080000000, 0x0000000100000000)
  region size 1024K, 5 young (5120K), 5 survivors (5120K)
 Metaspace       used 130981K, capacity 135186K, committed 135464K, reserved 1167360K
  class space    used 16392K, capacity 17927K, committed 18048K, reserved 1048576K
}
Event: 4031.522 GC heap before
{Heap before GC invocations=61 (full 0):
 garbage-first heap   total 260096K, used 258497K [0x0000000080000000, 0x0000000100000000)
  region size 1024K, 68 young (69632K), 5 survivors (5120K)
 Metaspace       used 131240K, capacity 135529K, committed 135720K, reserved 1167360K
  class space    used 16412K, capacity 17962K, committed 18048K, reserved 1048576K
}
Event: 4031.530 GC heap after
{Heap after GC invocations=62 (full 0):
 garbage-first heap   total 270336K, used 153733K [0x0000000080000000, 0x0000000100000000)
  region size 1024K, 10 young (10240K), 10 survivors (10240K)
 Metaspace       used 131240K, capacity 135529K, committed 135720K, reserved 1167360K
  class space    used 16412K, capacity 17962K, committed 18048K, reserved 1048576K
}
Event: 4031.619 GC heap before
{Heap before GC invocations=62 (full 0):
 garbage-first heap   total 270336K, used 156805K [0x0000000080000000, 0x0000000100000000)
  region size 1024K, 13 young (13312K), 10 survivors (10240K)
 Metaspace       used 131459K, capacity 135729K, committed 135976K, reserved 1167360K
  class space    used 16455K, capacity 18007K, committed 18048K, reserved 1048576K
}
Event: 4031.628 GC heap after
{Heap after GC invocations=63 (full 0):
 garbage-first heap   total 270336K, used 154268K [0x0000000080000000, 0x0000000100000000)
  region size 1024K, 2 young (2048K), 2 survivors (2048K)
 Metaspace       used 131459K, capacity 135729K, committed 135976K, reserved 1167360K
  class space    used 16455K, capacity 18007K, committed 18048K, reserved 1048576K
}
Event: 4170.899 GC heap before
{Heap before GC invocations=63 (full 0):
 garbage-first heap   total 270336K, used 216732K [0x0000000080000000, 0x0000000100000000)
  region size 1024K, 65 young (66560K), 2 survivors (2048K)
 Metaspace       used 131624K, capacity 135890K, committed 135976K, reserved 1167360K
  class space    used 16465K, capacity 18015K, committed 18048K, reserved 1048576K
}
Event: 4170.915 GC heap after
{Heap after GC invocations=64 (full 0):
 garbage-first heap   total 270336K, used 158580K [0x0000000080000000, 0x0000000100000000)
  region size 1024K, 6 young (6144K), 6 survivors (6144K)
 Metaspace       used 131624K, capacity 135890K, committed 135976K, reserved 1167360K
  class space    used 16465K, capacity 18015K, committed 18048K, reserved 1048576K
}
Event: 4171.641 GC heap before
{Heap before GC invocations=65 (full 0):
 garbage-first heap   total 270336K, used 268148K [0x0000000080000000, 0x0000000100000000)
  region size 1024K, 69 young (70656K), 6 survivors (6144K)
 Metaspace       used 131775K, capacity 136115K, committed 136232K, reserved 1167360K
  class space    used 16468K, capacity 18022K, committed 18048K, reserved 1048576K
}
Event: 4171.650 GC heap after
{Heap after GC invocations=66 (full 0):
 garbage-first heap   total 280576K, used 162792K [0x0000000080000000, 0x0000000100000000)
  region size 1024K, 5 young (5120K), 5 survivors (5120K)
 Metaspace       used 131775K, capacity 136115K, committed 136232K, reserved 1167360K
  class space    used 16468K, capacity 18022K, committed 18048K, reserved 1048576K
}
Event: 4171.767 GC heap before
{Heap before GC invocations=66 (full 0):
 garbage-first heap   total 280576K, used 172008K [0x0000000080000000, 0x0000000100000000)
  region size 1024K, 13 young (13312K), 5 survivors (5120K)
 Metaspace       used 131937K, capacity 136266K, committed 136488K, reserved 1167360K
  class space    used 16491K, capacity 18029K, committed 18048K, reserved 1048576K
}
Event: 4171.777 GC heap after
{Heap after GC invocations=67 (full 0):
 garbage-first heap   total 280576K, used 157158K [0x0000000080000000, 0x0000000100000000)
  region size 1024K, 2 young (2048K), 2 survivors (2048K)
 Metaspace       used 131937K, capacity 136266K, committed 136488K, reserved 1167360K
  class space    used 16491K, capacity 18029K, committed 18048K, reserved 1048576K
}
Event: 4172.051 GC heap before
{Heap before GC invocations=67 (full 0):
 garbage-first heap   total 280576K, used 232934K [0x0000000080000000, 0x0000000100000000)
  region size 1024K, 76 young (77824K), 2 survivors (2048K)
 Metaspace       used 131994K, capacity 136298K, committed 136616K, reserved 1167360K
  class space    used 16494K, capacity 18061K, committed 18176K, reserved 1048576K
}
Event: 4172.056 GC heap after
{Heap after GC invocations=68 (full 0):
 garbage-first heap   total 280576K, used 157156K [0x0000000080000000, 0x0000000100000000)
  region size 1024K, 2 young (2048K), 2 survivors (2048K)
 Metaspace       used 131994K, capacity 136298K, committed 136616K, reserved 1167360K
  class space    used 16494K, capacity 18061K, committed 18176K, reserved 1048576K
}
Event: 4172.326 GC heap before
{Heap before GC invocations=69 (full 0):
 garbage-first heap   total 280576K, used 232932K [0x0000000080000000, 0x0000000100000000)
  region size 1024K, 78 young (79872K), 2 survivors (2048K)
 Metaspace       used 131999K, capacity 136298K, committed 136616K, reserved 1167360K
  class space    used 16494K, capacity 18061K, committed 18176K, reserved 1048576K
}
Event: 4172.329 GC heap after
{Heap after GC invocations=70 (full 0):
 garbage-first heap   total 280576K, used 155547K [0x0000000080000000, 0x0000000100000000)
  region size 1024K, 2 young (2048K), 2 survivors (2048K)
 Metaspace       used 131999K, capacity 136298K, committed 136616K, reserved 1167360K
  class space    used 16494K, capacity 18061K, committed 18176K, reserved 1048576K
}
Event: 4172.368 GC heap before
{Heap before GC invocations=70 (full 0):
 garbage-first heap   total 280576K, used 166811K [0x0000000080000000, 0x0000000100000000)
  region size 1024K, 13 young (13312K), 2 survivors (2048K)
 Metaspace       used 132016K, capacity 136368K, committed 136616K, reserved 1167360K
  class space    used 16495K, capacity 18063K, committed 18176K, reserved 1048576K
}
Event: 4172.373 GC heap after
{Heap after GC invocations=71 (full 0):
 garbage-first heap   total 280576K, used 146583K [0x0000000080000000, 0x0000000100000000)
  region size 1024K, 1 young (1024K), 1 survivors (1024K)
 Metaspace       used 132016K, capacity 136368K, committed 136616K, reserved 1167360K
  class space    used 16495K, capacity 18063K, committed 18176K, reserved 1048576K
}
Event: 4390.511 GC heap before
{Heap before GC invocations=71 (full 0):
 garbage-first heap   total 280576K, used 236695K [0x0000000080000000, 0x0000000100000000)
  region size 1024K, 89 young (91136K), 1 survivors (1024K)
 Metaspace       used 132118K, capacity 136404K, committed 136616K, reserved 1167360K
  class space    used 16503K, capacity 18072K, committed 18176K, reserved 1048576K
}
Event: 4390.522 GC heap after
{Heap after GC invocations=72 (full 0):
 garbage-first heap   total 280576K, used 150003K [0x0000000080000000, 0x0000000100000000)
  region size 1024K, 4 young (4096K), 4 survivors (4096K)
 Metaspace       used 132118K, capacity 136404K, committed 136616K, reserved 1167360K
  class space    used 16503K, capacity 18072K, committed 18176K, reserved 1048576K
}

